This is pdfTeX, Version 3.14159265-2.6-1.40.20 (TeX Live 2019) (preloaded format=pdflatex 2019.6.3)  12 JUN 2019 23:36
entering extended mode
 restricted \write18 enabled.
 file:line:error style messages enabled.
 %&-line parsing enabled.
**itnodl_report_WouterDurnez.tex
(./itnodl_report_WouterDurnez.tex
LaTeX2e <2018-12-01>
(/usr/local/texlive/2019/texmf-dist/tex/latex/base/article.cls
Document Class: article 2018/09/03 v1.4i Standard LaTeX document class
(/usr/local/texlive/2019/texmf-dist/tex/latex/base/size11.clo
File: size11.clo 2018/09/03 v1.4i Standard LaTeX file (size option)
)
\c@part=\count80
\c@section=\count81
\c@subsection=\count82
\c@subsubsection=\count83
\c@paragraph=\count84
\c@subparagraph=\count85
\c@figure=\count86
\c@table=\count87
\abovecaptionskip=\skip41
\belowcaptionskip=\skip42
\bibindent=\dimen102
)
(/usr/local/texlive/2019/texmf-dist/tex/generic/babel/babel.sty
Package: babel 2019/05/04 3.31 The Babel package

(/usr/local/texlive/2019/texmf-dist/tex/generic/babel/switch.def
File: switch.def 2019/05/04 3.31 Babel switching mechanism
)
(/usr/local/texlive/2019/texmf-dist/tex/generic/babel-english/english.ldf
Language: english 2017/06/06 v3.3r English support from the babel system

(/usr/local/texlive/2019/texmf-dist/tex/generic/babel/babel.def
File: babel.def 2019/05/04 3.31 Babel common definitions
\babel@savecnt=\count88
\U@D=\dimen103

(/usr/local/texlive/2019/texmf-dist/tex/generic/babel/txtbabel.def)
\bbl@dirlevel=\count89
)
\l@canadian = a dialect from \language\l@american 
\l@australian = a dialect from \language\l@british 
\l@newzealand = a dialect from \language\l@british 
))
(/usr/local/texlive/2019/texmf-dist/tex/latex/hyperref/hyperref.sty
Package: hyperref 2018/11/30 v6.88e Hypertext links for LaTeX

(/usr/local/texlive/2019/texmf-dist/tex/generic/oberdiek/hobsub-hyperref.sty
Package: hobsub-hyperref 2016/05/16 v1.14 Bundle oberdiek, subset hyperref (HO)


(/usr/local/texlive/2019/texmf-dist/tex/generic/oberdiek/hobsub-generic.sty
Package: hobsub-generic 2016/05/16 v1.14 Bundle oberdiek, subset generic (HO)
Package: hobsub 2016/05/16 v1.14 Construct package bundles (HO)
Package: infwarerr 2016/05/16 v1.4 Providing info/warning/error messages (HO)
Package: ltxcmds 2016/05/16 v1.23 LaTeX kernel commands for general use (HO)
Package: ifluatex 2016/05/16 v1.4 Provides the ifluatex switch (HO)
Package ifluatex Info: LuaTeX not detected.
Package: ifvtex 2016/05/16 v1.6 Detect VTeX and its facilities (HO)
Package ifvtex Info: VTeX not detected.
Package: intcalc 2016/05/16 v1.2 Expandable calculations with integers (HO)
Package: ifpdf 2018/09/07 v3.3 Provides the ifpdf switch
Package: etexcmds 2016/05/16 v1.6 Avoid name clashes with e-TeX commands (HO)
Package: kvsetkeys 2016/05/16 v1.17 Key value parser (HO)
Package: kvdefinekeys 2016/05/16 v1.4 Define keys (HO)
Package: pdftexcmds 2018/09/10 v0.29 Utility functions of pdfTeX for LuaTeX (HO
)
Package pdftexcmds Info: LuaTeX not detected.
Package pdftexcmds Info: \pdf@primitive is available.
Package pdftexcmds Info: \pdf@ifprimitive is available.
Package pdftexcmds Info: \pdfdraftmode found.
Package: pdfescape 2016/05/16 v1.14 Implements pdfTeX's escape features (HO)
Package: bigintcalc 2016/05/16 v1.4 Expandable calculations on big integers (HO
)
Package: bitset 2016/05/16 v1.2 Handle bit-vector datatype (HO)
Package: uniquecounter 2016/05/16 v1.3 Provide unlimited unique counter (HO)
)
Package hobsub Info: Skipping package `hobsub' (already loaded).
Package: letltxmacro 2016/05/16 v1.5 Let assignment for LaTeX macros (HO)
Package: hopatch 2016/05/16 v1.3 Wrapper for package hooks (HO)
Package: xcolor-patch 2016/05/16 xcolor patch
Package: atveryend 2016/05/16 v1.9 Hooks at the very end of document (HO)
Package atveryend Info: \enddocument detected (standard20110627).
Package: atbegshi 2016/06/09 v1.18 At begin shipout hook (HO)
Package: refcount 2016/05/16 v3.5 Data extraction from label references (HO)
Package: hycolor 2016/05/16 v1.8 Color options for hyperref/bookmark (HO)
)
(/usr/local/texlive/2019/texmf-dist/tex/latex/graphics/keyval.sty
Package: keyval 2014/10/28 v1.15 key=value parser (DPC)
\KV@toks@=\toks14
)
(/usr/local/texlive/2019/texmf-dist/tex/generic/ifxetex/ifxetex.sty
Package: ifxetex 2010/09/12 v0.6 Provides ifxetex conditional
)
(/usr/local/texlive/2019/texmf-dist/tex/latex/oberdiek/auxhook.sty
Package: auxhook 2016/05/16 v1.4 Hooks for auxiliary files (HO)
)
(/usr/local/texlive/2019/texmf-dist/tex/latex/oberdiek/kvoptions.sty
Package: kvoptions 2016/05/16 v3.12 Key value format for package options (HO)
)
\@linkdim=\dimen104
\Hy@linkcounter=\count90
\Hy@pagecounter=\count91

(/usr/local/texlive/2019/texmf-dist/tex/latex/hyperref/pd1enc.def
File: pd1enc.def 2018/11/30 v6.88e Hyperref: PDFDocEncoding definition (HO)
Now handling font encoding PD1 ...
... no UTF-8 mapping file for font encoding PD1
)
\Hy@SavedSpaceFactor=\count92

(/usr/local/texlive/2019/texmf-dist/tex/latex/latexconfig/hyperref.cfg
File: hyperref.cfg 2002/06/06 v1.2 hyperref configuration of TeXLive
)
Package hyperref Info: Hyper figures OFF on input line 4519.
Package hyperref Info: Link nesting OFF on input line 4524.
Package hyperref Info: Hyper index ON on input line 4527.
Package hyperref Info: Plain pages OFF on input line 4534.
Package hyperref Info: Backreferencing OFF on input line 4539.
Package hyperref Info: Implicit mode ON; LaTeX internals redefined.
Package hyperref Info: Bookmarks ON on input line 4772.
\c@Hy@tempcnt=\count93

(/usr/local/texlive/2019/texmf-dist/tex/latex/url/url.sty
\Urlmuskip=\muskip10
Package: url 2013/09/16  ver 3.4  Verb mode for urls, etc.
)
LaTeX Info: Redefining \url on input line 5125.
\XeTeXLinkMargin=\dimen105
\Fld@menulength=\count94
\Field@Width=\dimen106
\Fld@charsize=\dimen107
Package hyperref Info: Hyper figures OFF on input line 6380.
Package hyperref Info: Link nesting OFF on input line 6385.
Package hyperref Info: Hyper index ON on input line 6388.
Package hyperref Info: backreferencing OFF on input line 6395.
Package hyperref Info: Link coloring OFF on input line 6400.
Package hyperref Info: Link coloring with OCG OFF on input line 6405.
Package hyperref Info: PDF/A mode OFF on input line 6410.
LaTeX Info: Redefining \ref on input line 6450.
LaTeX Info: Redefining \pageref on input line 6454.
\Hy@abspage=\count95
\c@Item=\count96
\c@Hfootnote=\count97
)
Package hyperref Info: Driver (autodetected): hpdftex.

(/usr/local/texlive/2019/texmf-dist/tex/latex/hyperref/hpdftex.def
File: hpdftex.def 2018/11/30 v6.88e Hyperref driver for pdfTeX
\Fld@listcount=\count98
\c@bookmark@seq@number=\count99

(/usr/local/texlive/2019/texmf-dist/tex/latex/oberdiek/rerunfilecheck.sty
Package: rerunfilecheck 2016/05/16 v1.8 Rerun checks for auxiliary files (HO)
Package uniquecounter Info: New unique counter `rerunfilecheck' on input line 2
82.
)
\Hy@SectionHShift=\skip43
)
(/usr/local/texlive/2019/texmf-dist/tex/latex/xcolor/xcolor.sty
Package: xcolor 2016/05/11 v2.12 LaTeX color extensions (UK)

(/usr/local/texlive/2019/texmf-dist/tex/latex/graphics-cfg/color.cfg
File: color.cfg 2016/01/02 v1.6 sample color configuration
)
Package xcolor Info: Driver file: pdftex.def on input line 225.

(/usr/local/texlive/2019/texmf-dist/tex/latex/graphics-def/pdftex.def
File: pdftex.def 2018/01/08 v1.0l Graphics/color driver for pdftex
)
Package xcolor Info: Model `cmy' substituted by `cmy0' on input line 1348.
Package xcolor Info: Model `hsb' substituted by `rgb' on input line 1352.
Package xcolor Info: Model `RGB' extended on input line 1364.
Package xcolor Info: Model `HTML' substituted by `rgb' on input line 1366.
Package xcolor Info: Model `Hsb' substituted by `hsb' on input line 1367.
Package xcolor Info: Model `tHsb' substituted by `hsb' on input line 1368.
Package xcolor Info: Model `HSB' substituted by `hsb' on input line 1369.
Package xcolor Info: Model `Gray' substituted by `gray' on input line 1370.
Package xcolor Info: Model `wave' substituted by `hsb' on input line 1371.

(/usr/local/texlive/2019/texmf-dist/tex/latex/graphics/dvipsnam.def
File: dvipsnam.def 2016/06/17 v3.0m Driver-dependent file (DPC,SPQR)
))
(/usr/local/texlive/2019/texmf-dist/tex/latex/multirow/multirow.sty
Package: multirow 2019/01/01 v2.4 Span multiple rows of a table
\multirow@colwidth=\skip44
\multirow@cntb=\count100
\multirow@dima=\skip45
\bigstrutjot=\dimen108
)
(/usr/local/texlive/2019/texmf-dist/tex/latex/booktabs/booktabs.sty
Package: booktabs 2016/04/27 v1.618033 publication quality tables
\heavyrulewidth=\dimen109
\lightrulewidth=\dimen110
\cmidrulewidth=\dimen111
\belowrulesep=\dimen112
\belowbottomsep=\dimen113
\aboverulesep=\dimen114
\abovetopsep=\dimen115
\cmidrulesep=\dimen116
\cmidrulekern=\dimen117
\defaultaddspace=\dimen118
\@cmidla=\count101
\@cmidlb=\count102
\@aboverulesep=\dimen119
\@belowrulesep=\dimen120
\@thisruleclass=\count103
\@lastruleclass=\count104
\@thisrulewidth=\dimen121
)
(/usr/local/texlive/2019/texmf-dist/tex/latex/amsmath/amsmath.sty
Package: amsmath 2018/12/01 v2.17b AMS math features
\@mathmargin=\skip46

For additional information on amsmath, use the `?' option.
(/usr/local/texlive/2019/texmf-dist/tex/latex/amsmath/amstext.sty
Package: amstext 2000/06/29 v2.01 AMS text

(/usr/local/texlive/2019/texmf-dist/tex/latex/amsmath/amsgen.sty
File: amsgen.sty 1999/11/30 v2.0 generic functions
\@emptytoks=\toks15
\ex@=\dimen122
))
(/usr/local/texlive/2019/texmf-dist/tex/latex/amsmath/amsbsy.sty
Package: amsbsy 1999/11/29 v1.2d Bold Symbols
\pmbraise@=\dimen123
)
(/usr/local/texlive/2019/texmf-dist/tex/latex/amsmath/amsopn.sty
Package: amsopn 2016/03/08 v2.02 operator names
)
\inf@bad=\count105
LaTeX Info: Redefining \frac on input line 223.
\uproot@=\count106
\leftroot@=\count107
LaTeX Info: Redefining \overline on input line 385.
\classnum@=\count108
\DOTSCASE@=\count109
LaTeX Info: Redefining \ldots on input line 482.
LaTeX Info: Redefining \dots on input line 485.
LaTeX Info: Redefining \cdots on input line 606.
\Mathstrutbox@=\box27
\strutbox@=\box28
\big@size=\dimen124
LaTeX Font Info:    Redeclaring font encoding OML on input line 729.
LaTeX Font Info:    Redeclaring font encoding OMS on input line 730.
\macc@depth=\count110
\c@MaxMatrixCols=\count111
\dotsspace@=\muskip11
\c@parentequation=\count112
\dspbrk@lvl=\count113
\tag@help=\toks16
\row@=\count114
\column@=\count115
\maxfields@=\count116
\andhelp@=\toks17
\eqnshift@=\dimen125
\alignsep@=\dimen126
\tagshift@=\dimen127
\tagwidth@=\dimen128
\totwidth@=\dimen129
\lineht@=\dimen130
\@envbody=\toks18
\multlinegap=\skip47
\multlinetaggap=\skip48
\mathdisplay@stack=\toks19
LaTeX Info: Redefining \[ on input line 2844.
LaTeX Info: Redefining \] on input line 2845.
)
(/usr/local/texlive/2019/texmf-dist/tex/latex/amsfonts/amsfonts.sty
Package: amsfonts 2013/01/14 v3.01 Basic AMSFonts support
\symAMSa=\mathgroup4
\symAMSb=\mathgroup5
LaTeX Font Info:    Overwriting math alphabet `\mathfrak' in version `bold'
(Font)                  U/euf/m/n --> U/euf/b/n on input line 106.
)
(/usr/local/texlive/2019/texmf-dist/tex/latex/amsfonts/amssymb.sty
Package: amssymb 2013/01/14 v3.01 AMS font symbols
)
(/usr/local/texlive/2019/texmf-dist/tex/latex/mathtools/mathtools.sty
Package: mathtools 2018/01/08 v1.21 mathematical typesetting tools

(/usr/local/texlive/2019/texmf-dist/tex/latex/tools/calc.sty
Package: calc 2017/05/25 v4.3 Infix arithmetic (KKT,FJ)
\calc@Acount=\count117
\calc@Bcount=\count118
\calc@Adimen=\dimen131
\calc@Bdimen=\dimen132
\calc@Askip=\skip49
\calc@Bskip=\skip50
LaTeX Info: Redefining \setlength on input line 80.
LaTeX Info: Redefining \addtolength on input line 81.
\calc@Ccount=\count119
\calc@Cskip=\skip51
)
(/usr/local/texlive/2019/texmf-dist/tex/latex/mathtools/mhsetup.sty
Package: mhsetup 2017/03/31 v1.3 programming setup (MH)
)
LaTeX Info: Thecontrolsequence`\('isalreadyrobust on input line 129.
LaTeX Info: Thecontrolsequence`\)'isalreadyrobust on input line 129.
LaTeX Info: Thecontrolsequence`\['isalreadyrobust on input line 129.
LaTeX Info: Thecontrolsequence`\]'isalreadyrobust on input line 129.
\g_MT_multlinerow_int=\count120
\l_MT_multwidth_dim=\dimen133
\origjot=\skip52
\l_MT_shortvdotswithinadjustabove_dim=\dimen134
\l_MT_shortvdotswithinadjustbelow_dim=\dimen135
\l_MT_above_intertext_sep=\dimen136
\l_MT_below_intertext_sep=\dimen137
\l_MT_above_shortintertext_sep=\dimen138
\l_MT_below_shortintertext_sep=\dimen139
)
(/usr/local/texlive/2019/texmf-dist/tex/latex/graphics/graphicx.sty
Package: graphicx 2017/06/01 v1.1a Enhanced LaTeX Graphics (DPC,SPQR)

(/usr/local/texlive/2019/texmf-dist/tex/latex/graphics/graphics.sty
Package: graphics 2017/06/25 v1.2c Standard LaTeX Graphics (DPC,SPQR)

(/usr/local/texlive/2019/texmf-dist/tex/latex/graphics/trig.sty
Package: trig 2016/01/03 v1.10 sin cos tan (DPC)
)
(/usr/local/texlive/2019/texmf-dist/tex/latex/graphics-cfg/graphics.cfg
File: graphics.cfg 2016/06/04 v1.11 sample graphics configuration
)
Package graphics Info: Driver file: pdftex.def on input line 99.
)
\Gin@req@height=\dimen140
\Gin@req@width=\dimen141
)
(/usr/local/texlive/2019/texmf-dist/tex/generic/dirtree/dirtree.sty
Package: dirtree 2012/12/11 v0.32 package wrapper for dirtree

(/usr/local/texlive/2019/texmf-dist/tex/generic/dirtree/dirtree.tex
`dirtree' v0.32, 2012/12/11 (jcc)
\DT@offset=\dimen142
\DT@width=\dimen143
\DT@sep=\dimen144
\DT@all=\dimen145
\DT@rulewidth=\dimen146
\DT@dotwidth=\dimen147
\DTbaselineskip=\dimen148
\DT@counti=\count121
\DT@countii=\count122
\DT@countiii=\count123
\DT@countiv=\count124
\DT@indent=\dimen149
\DT@parskip=\dimen150
\DT@baselineskip=\dimen151
)
File: dirtree.tex 2012/12/11 v0.32 `dirtree' (jcc)
)
(/usr/local/texlive/2019/texmf-dist/tex/latex/siunitx/siunitx.sty
(/usr/local/texlive/2019/texmf-dist/tex/latex/l3kernel/expl3.sty
Package: expl3 2019-05-07 L3 programming layer (loader) 

(/usr/local/texlive/2019/texmf-dist/tex/latex/l3kernel/expl3-code.tex
Package: expl3 2019-05-07 L3 programming layer (code)
\c_max_int=\count125
\l_tmpa_int=\count126
\l_tmpb_int=\count127
\g_tmpa_int=\count128
\g_tmpb_int=\count129
\g__kernel_prg_map_int=\count130
\c__ior_term_ior=\count131
\c_log_iow=\count132
\l_iow_line_count_int=\count133
\l__iow_line_target_int=\count134
\l__iow_one_indent_int=\count135
\l__iow_indent_int=\count136
\c_zero_dim=\dimen152
\c_max_dim=\dimen153
\l_tmpa_dim=\dimen154
\l_tmpb_dim=\dimen155
\g_tmpa_dim=\dimen156
\g_tmpb_dim=\dimen157
\c_zero_skip=\skip53
\c_max_skip=\skip54
\l_tmpa_skip=\skip55
\l_tmpb_skip=\skip56
\g_tmpa_skip=\skip57
\g_tmpb_skip=\skip58
\c_zero_muskip=\muskip12
\c_max_muskip=\muskip13
\l_tmpa_muskip=\muskip14
\l_tmpb_muskip=\muskip15
\g_tmpa_muskip=\muskip16
\g_tmpb_muskip=\muskip17
\l_keys_choice_int=\count137
\l__intarray_loop_int=\count138
\c__intarray_sp_dim=\dimen158
\g__intarray_font_int=\count139
\c__fp_leading_shift_int=\count140
\c__fp_middle_shift_int=\count141
\c__fp_trailing_shift_int=\count142
\c__fp_big_leading_shift_int=\count143
\c__fp_big_middle_shift_int=\count144
\c__fp_big_trailing_shift_int=\count145
\c__fp_Bigg_leading_shift_int=\count146
\c__fp_Bigg_middle_shift_int=\count147
\c__fp_Bigg_trailing_shift_int=\count148
\c__kernel_randint_max_int=\count149
\g__fp_array_int=\count150
\l__fp_array_loop_int=\count151
\l__sort_length_int=\count152
\l__sort_min_int=\count153
\l__sort_top_int=\count154
\l__sort_max_int=\count155
\l__sort_true_max_int=\count156
\l__sort_block_int=\count157
\l__sort_begin_int=\count158
\l__sort_end_int=\count159
\l__sort_A_int=\count160
\l__sort_B_int=\count161
\l__sort_C_int=\count162
\l__tl_analysis_normal_int=\count163
\l__tl_analysis_index_int=\count164
\l__tl_analysis_nesting_int=\count165
\l__tl_analysis_type_int=\count166
\l__regex_internal_a_int=\count167
\l__regex_internal_b_int=\count168
\l__regex_internal_c_int=\count169
\l__regex_balance_int=\count170
\l__regex_group_level_int=\count171
\l__regex_mode_int=\count172
\c__regex_cs_in_class_mode_int=\count173
\c__regex_cs_mode_int=\count174
\l__regex_catcodes_int=\count175
\l__regex_default_catcodes_int=\count176
\c__regex_catcode_D_int=\count177
\c__regex_catcode_S_int=\count178
\c__regex_catcode_L_int=\count179
\c__regex_catcode_O_int=\count180
\c__regex_catcode_A_int=\count181
\c__regex_all_catcodes_int=\count182
\l__regex_show_lines_int=\count183
\l__regex_min_state_int=\count184
\l__regex_max_state_int=\count185
\l__regex_left_state_int=\count186
\l__regex_right_state_int=\count187
\l__regex_capturing_group_int=\count188
\l__regex_min_pos_int=\count189
\l__regex_max_pos_int=\count190
\l__regex_curr_pos_int=\count191
\l__regex_start_pos_int=\count192
\l__regex_success_pos_int=\count193
\l__regex_curr_char_int=\count194
\l__regex_curr_catcode_int=\count195
\l__regex_last_char_int=\count196
\l__regex_case_changed_char_int=\count197
\l__regex_curr_state_int=\count198
\l__regex_step_int=\count199
\l__regex_min_active_int=\count266
\l__regex_max_active_int=\count267
\l__regex_replacement_csnames_int=\count268
\l__regex_match_count_int=\count269
\l__regex_min_submatch_int=\count270
\l__regex_submatch_int=\count271
\l__regex_zeroth_submatch_int=\count272
\g__regex_trace_regex_int=\count273
\c_empty_box=\box29
\l_tmpa_box=\box30
\l_tmpb_box=\box31
\g_tmpa_box=\box32
\g_tmpb_box=\box33
\l__box_top_dim=\dimen159
\l__box_bottom_dim=\dimen160
\l__box_left_dim=\dimen161
\l__box_right_dim=\dimen162
\l__box_top_new_dim=\dimen163
\l__box_bottom_new_dim=\dimen164
\l__box_left_new_dim=\dimen165
\l__box_right_new_dim=\dimen166
\l__box_internal_box=\box34
\l__coffin_internal_box=\box35
\l__coffin_internal_dim=\dimen167
\l__coffin_offset_x_dim=\dimen168
\l__coffin_offset_y_dim=\dimen169
\l__coffin_x_dim=\dimen170
\l__coffin_y_dim=\dimen171
\l__coffin_x_prime_dim=\dimen172
\l__coffin_y_prime_dim=\dimen173
\c_empty_coffin=\box36
\l__coffin_aligned_coffin=\box37
\l__coffin_aligned_internal_coffin=\box38
\l_tmpa_coffin=\box39
\l_tmpb_coffin=\box40
\g_tmpa_coffin=\box41
\g_tmpb_coffin=\box42
\l__coffin_bounding_shift_dim=\dimen174
\l__coffin_left_corner_dim=\dimen175
\l__coffin_right_corner_dim=\dimen176
\l__coffin_bottom_corner_dim=\dimen177
\l__coffin_top_corner_dim=\dimen178
\l__coffin_scaled_total_height_dim=\dimen179
\l__coffin_scaled_width_dim=\dimen180
\c__coffin_empty_coffin=\box43
\l__coffin_display_coffin=\box44
\l__coffin_display_coord_coffin=\box45
\l__coffin_display_pole_coffin=\box46
\l__coffin_display_offset_dim=\dimen181
\l__coffin_display_x_dim=\dimen182
\l__coffin_display_y_dim=\dimen183
\g__file_internal_ior=\read1
\l__seq_internal_a_int=\count274
\l__seq_internal_b_int=\count275
\c__deprecation_minus_one=\count276
)
(/usr/local/texlive/2019/texmf-dist/tex/latex/l3kernel/l3pdfmode.def
File: l3pdfmode.def 2019-04-06 v L3 Experimental driver: PDF mode
\l__driver_color_stack_int=\count277
\l__driver_pdf_tmp_box=\box47
))
(/usr/local/texlive/2019/texmf-dist/tex/latex/l3packages/xparse/xparse.sty
Package: xparse 2019-05-03 L3 Experimental document command parser
\l__xparse_current_arg_int=\count278
\g__xparse_grabber_int=\count279
\l__xparse_m_args_int=\count280
\l__xparse_v_nesting_int=\count281
)
Package: siunitx 2018/05/17 v2.7s A comprehensive (SI) units package

(/usr/local/texlive/2019/texmf-dist/tex/latex/tools/array.sty
Package: array 2018/12/30 v2.4k Tabular extension package (FMi)
\col@sep=\dimen184
\ar@mcellbox=\box48
\extrarowheight=\dimen185
\NC@list=\toks20
\extratabsurround=\skip59
\backup@length=\skip60
\ar@cellbox=\box49
)
(/usr/local/texlive/2019/texmf-dist/tex/latex/l3packages/l3keys2e/l3keys2e.sty
Package: l3keys2e 2019-05-03 LaTeX2e option processing using LaTeX3 keys
)
\l__siunitx_tmp_box=\box50
\l__siunitx_tmp_dim=\dimen186
\l__siunitx_tmp_int=\count282
\l__siunitx_number_mantissa_length_int=\count283
\l__siunitx_number_uncert_length_int=\count284
\l__siunitx_round_int=\count285
\l__siunitx_process_decimal_int=\count286
\l__siunitx_process_uncertainty_int=\count287
\l__siunitx_process_fixed_int=\count288
\l__siunitx_process_integer_min_int=\count289
\l__siunitx_process_precision_int=\count290
\l__siunitx_group_min_int=\count291
\l__siunitx_angle_marker_box=\box51
\l__siunitx_angle_unit_box=\box52
\l__siunitx_angle_marker_dim=\dimen187
\l__siunitx_angle_unit_dim=\dimen188
\l__siunitx_unit_int=\count292
\l__siunitx_unit_denominator_int=\count293
\l__siunitx_unit_numerator_int=\count294
\l__siunitx_unit_prefix_int=\count295
\l__siunitx_unit_prefix_base_int=\count296
\l__siunitx_unit_prefix_gram_int=\count297
\l__siunitx_number_product_int=\count298
\c__siunitx_one_fill_skip=\skip61
\l__siunitx_table_unit_align_skip=\skip62
\l__siunitx_table_exponent_dim=\dimen189
\l__siunitx_table_integer_dim=\dimen190
\l__siunitx_table_mantissa_dim=\dimen191
\l__siunitx_table_marker_dim=\dimen192
\l__siunitx_table_result_dim=\dimen193
\l__siunitx_table_uncert_dim=\dimen194
\l__siunitx_table_fill_pre_dim=\dimen195
\l__siunitx_table_fill_post_dim=\dimen196
\l__siunitx_table_fill_mid_dim=\dimen197
\l__siunitx_table_pre_box=\box53
\l__siunitx_table_post_box=\box54
\l__siunitx_table_mantissa_box=\box55
\l__siunitx_table_result_box=\box56
\l__siunitx_table_number_align_skip=\skip63
\l__siunitx_table_text_align_skip=\skip64
(/usr/local/texlive/2019/texmf-dist/tex/latex/translator/translator.sty
Package: translator 2018/01/04 v1.12 Easy translation of strings in LaTeX
))
(/usr/local/texlive/2019/texmf-dist/tex/latex/fourier/fourier.sty
Package: fourier 2005/01/01 1.4 fourier-GUTenberg package
Now handling font encoding FML ...
... no UTF-8 mapping file for font encoding FML
Now handling font encoding FMS ...
... no UTF-8 mapping file for font encoding FMS
Now handling font encoding FMX ...
... no UTF-8 mapping file for font encoding FMX

(/usr/local/texlive/2019/texmf-dist/tex/latex/base/fontenc.sty
Package: fontenc 2018/08/11 v2.0j Standard LaTeX package

(/usr/local/texlive/2019/texmf-dist/tex/latex/base/t1enc.def
File: t1enc.def 2018/08/11 v2.0j Standard LaTeX file
LaTeX Font Info:    Redeclaring font encoding T1 on input line 48.
))
(/usr/local/texlive/2019/texmf-dist/tex/latex/base/textcomp.sty
Package: textcomp 2018/08/11 v2.0j Standard LaTeX package
Package textcomp Info: Sub-encoding information:
(textcomp)               5 = only ISO-Adobe without \textcurrency
(textcomp)               4 = 5 + \texteuro
(textcomp)               3 = 4 + \textohm
(textcomp)               2 = 3 + \textestimated + \textcurrency
(textcomp)               1 = TS1 - \textcircled - \t
(textcomp)               0 = TS1 (full)
(textcomp)             Font families with sub-encoding setting implement
(textcomp)             only a restricted character set as indicated.
(textcomp)             Family '?' is the default used for unknown fonts.
(textcomp)             See the documentation for details.
Package textcomp Info: Setting ? sub-encoding to TS1/1 on input line 79.

(/usr/local/texlive/2019/texmf-dist/tex/latex/base/ts1enc.def
File: ts1enc.def 2001/06/05 v3.0e (jk/car/fm) Standard LaTeX file
Now handling font encoding TS1 ...
... processing UTF-8 mapping file for font encoding TS1

(/usr/local/texlive/2019/texmf-dist/tex/latex/base/ts1enc.dfu
File: ts1enc.dfu 2018/10/05 v1.2f UTF-8 support for inputenc
   defining Unicode char U+00A2 (decimal 162)
   defining Unicode char U+00A3 (decimal 163)
   defining Unicode char U+00A4 (decimal 164)
   defining Unicode char U+00A5 (decimal 165)
   defining Unicode char U+00A6 (decimal 166)
   defining Unicode char U+00A7 (decimal 167)
   defining Unicode char U+00A8 (decimal 168)
   defining Unicode char U+00A9 (decimal 169)
   defining Unicode char U+00AA (decimal 170)
   defining Unicode char U+00AC (decimal 172)
   defining Unicode char U+00AE (decimal 174)
   defining Unicode char U+00AF (decimal 175)
   defining Unicode char U+00B0 (decimal 176)
   defining Unicode char U+00B1 (decimal 177)
   defining Unicode char U+00B2 (decimal 178)
   defining Unicode char U+00B3 (decimal 179)
   defining Unicode char U+00B4 (decimal 180)
   defining Unicode char U+00B5 (decimal 181)
   defining Unicode char U+00B6 (decimal 182)
   defining Unicode char U+00B7 (decimal 183)
   defining Unicode char U+00B9 (decimal 185)
   defining Unicode char U+00BA (decimal 186)
   defining Unicode char U+00BC (decimal 188)
   defining Unicode char U+00BD (decimal 189)
   defining Unicode char U+00BE (decimal 190)
   defining Unicode char U+00D7 (decimal 215)
   defining Unicode char U+00F7 (decimal 247)
   defining Unicode char U+0192 (decimal 402)
   defining Unicode char U+02C7 (decimal 711)
   defining Unicode char U+02D8 (decimal 728)
   defining Unicode char U+02DD (decimal 733)
   defining Unicode char U+0E3F (decimal 3647)
   defining Unicode char U+2016 (decimal 8214)
   defining Unicode char U+2020 (decimal 8224)
   defining Unicode char U+2021 (decimal 8225)
   defining Unicode char U+2022 (decimal 8226)
   defining Unicode char U+2030 (decimal 8240)
   defining Unicode char U+2031 (decimal 8241)
   defining Unicode char U+203B (decimal 8251)
   defining Unicode char U+203D (decimal 8253)
   defining Unicode char U+2044 (decimal 8260)
   defining Unicode char U+204E (decimal 8270)
   defining Unicode char U+2052 (decimal 8274)
   defining Unicode char U+20A1 (decimal 8353)
   defining Unicode char U+20A4 (decimal 8356)
   defining Unicode char U+20A6 (decimal 8358)
   defining Unicode char U+20A9 (decimal 8361)
   defining Unicode char U+20AB (decimal 8363)
   defining Unicode char U+20AC (decimal 8364)
   defining Unicode char U+20B1 (decimal 8369)
   defining Unicode char U+2103 (decimal 8451)
   defining Unicode char U+2116 (decimal 8470)
   defining Unicode char U+2117 (decimal 8471)
   defining Unicode char U+211E (decimal 8478)
   defining Unicode char U+2120 (decimal 8480)
   defining Unicode char U+2122 (decimal 8482)
   defining Unicode char U+2126 (decimal 8486)
   defining Unicode char U+2127 (decimal 8487)
   defining Unicode char U+212E (decimal 8494)
   defining Unicode char U+2190 (decimal 8592)
   defining Unicode char U+2191 (decimal 8593)
   defining Unicode char U+2192 (decimal 8594)
   defining Unicode char U+2193 (decimal 8595)
   defining Unicode char U+2329 (decimal 9001)
   defining Unicode char U+232A (decimal 9002)
   defining Unicode char U+2422 (decimal 9250)
   defining Unicode char U+25E6 (decimal 9702)
   defining Unicode char U+25EF (decimal 9711)
   defining Unicode char U+266A (decimal 9834)
   defining Unicode char U+FEFF (decimal 65279)
))
LaTeX Info: Redefining \oldstylenums on input line 334.
Package textcomp Info: Setting cmr sub-encoding to TS1/0 on input line 349.
Package textcomp Info: Setting cmss sub-encoding to TS1/0 on input line 350.
Package textcomp Info: Setting cmtt sub-encoding to TS1/0 on input line 351.
Package textcomp Info: Setting cmvtt sub-encoding to TS1/0 on input line 352.
Package textcomp Info: Setting cmbr sub-encoding to TS1/0 on input line 353.
Package textcomp Info: Setting cmtl sub-encoding to TS1/0 on input line 354.
Package textcomp Info: Setting ccr sub-encoding to TS1/0 on input line 355.
Package textcomp Info: Setting ptm sub-encoding to TS1/4 on input line 356.
Package textcomp Info: Setting pcr sub-encoding to TS1/4 on input line 357.
Package textcomp Info: Setting phv sub-encoding to TS1/4 on input line 358.
Package textcomp Info: Setting ppl sub-encoding to TS1/3 on input line 359.
Package textcomp Info: Setting pag sub-encoding to TS1/4 on input line 360.
Package textcomp Info: Setting pbk sub-encoding to TS1/4 on input line 361.
Package textcomp Info: Setting pnc sub-encoding to TS1/4 on input line 362.
Package textcomp Info: Setting pzc sub-encoding to TS1/4 on input line 363.
Package textcomp Info: Setting bch sub-encoding to TS1/4 on input line 364.
Package textcomp Info: Setting put sub-encoding to TS1/5 on input line 365.
Package textcomp Info: Setting uag sub-encoding to TS1/5 on input line 366.
Package textcomp Info: Setting ugq sub-encoding to TS1/5 on input line 367.
Package textcomp Info: Setting ul8 sub-encoding to TS1/4 on input line 368.
Package textcomp Info: Setting ul9 sub-encoding to TS1/4 on input line 369.
Package textcomp Info: Setting augie sub-encoding to TS1/5 on input line 370.
Package textcomp Info: Setting dayrom sub-encoding to TS1/3 on input line 371.
Package textcomp Info: Setting dayroms sub-encoding to TS1/3 on input line 372.

Package textcomp Info: Setting pxr sub-encoding to TS1/0 on input line 373.
Package textcomp Info: Setting pxss sub-encoding to TS1/0 on input line 374.
Package textcomp Info: Setting pxtt sub-encoding to TS1/0 on input line 375.
Package textcomp Info: Setting txr sub-encoding to TS1/0 on input line 376.
Package textcomp Info: Setting txss sub-encoding to TS1/0 on input line 377.
Package textcomp Info: Setting txtt sub-encoding to TS1/0 on input line 378.
Package textcomp Info: Setting lmr sub-encoding to TS1/0 on input line 379.
Package textcomp Info: Setting lmdh sub-encoding to TS1/0 on input line 380.
Package textcomp Info: Setting lmss sub-encoding to TS1/0 on input line 381.
Package textcomp Info: Setting lmssq sub-encoding to TS1/0 on input line 382.
Package textcomp Info: Setting lmvtt sub-encoding to TS1/0 on input line 383.
Package textcomp Info: Setting lmtt sub-encoding to TS1/0 on input line 384.
Package textcomp Info: Setting qhv sub-encoding to TS1/0 on input line 385.
Package textcomp Info: Setting qag sub-encoding to TS1/0 on input line 386.
Package textcomp Info: Setting qbk sub-encoding to TS1/0 on input line 387.
Package textcomp Info: Setting qcr sub-encoding to TS1/0 on input line 388.
Package textcomp Info: Setting qcs sub-encoding to TS1/0 on input line 389.
Package textcomp Info: Setting qpl sub-encoding to TS1/0 on input line 390.
Package textcomp Info: Setting qtm sub-encoding to TS1/0 on input line 391.
Package textcomp Info: Setting qzc sub-encoding to TS1/0 on input line 392.
Package textcomp Info: Setting qhvc sub-encoding to TS1/0 on input line 393.
Package textcomp Info: Setting futs sub-encoding to TS1/4 on input line 394.
Package textcomp Info: Setting futx sub-encoding to TS1/4 on input line 395.
Package textcomp Info: Setting futj sub-encoding to TS1/4 on input line 396.
Package textcomp Info: Setting hlh sub-encoding to TS1/3 on input line 397.
Package textcomp Info: Setting hls sub-encoding to TS1/3 on input line 398.
Package textcomp Info: Setting hlst sub-encoding to TS1/3 on input line 399.
Package textcomp Info: Setting hlct sub-encoding to TS1/5 on input line 400.
Package textcomp Info: Setting hlx sub-encoding to TS1/5 on input line 401.
Package textcomp Info: Setting hlce sub-encoding to TS1/5 on input line 402.
Package textcomp Info: Setting hlcn sub-encoding to TS1/5 on input line 403.
Package textcomp Info: Setting hlcw sub-encoding to TS1/5 on input line 404.
Package textcomp Info: Setting hlcf sub-encoding to TS1/5 on input line 405.
Package textcomp Info: Setting pplx sub-encoding to TS1/3 on input line 406.
Package textcomp Info: Setting pplj sub-encoding to TS1/3 on input line 407.
Package textcomp Info: Setting ptmx sub-encoding to TS1/4 on input line 408.
Package textcomp Info: Setting ptmj sub-encoding to TS1/4 on input line 409.
)
(/usr/local/texlive/2019/texmf-dist/tex/latex/fourier/fourier-orns.sty
Package: fourier-orns 2004/01/30 1.1 fourier-ornaments package
)
LaTeX Font Info:    Redeclaring symbol font `operators' on input line 50.
LaTeX Font Info:    Encoding `OT1' has changed to `T1' for symbol font
(Font)              `operators' in the math version `normal' on input line 50.
LaTeX Font Info:    Overwriting symbol font `operators' in version `normal'
(Font)                  OT1/cmr/m/n --> T1/futs/m/n on input line 50.
LaTeX Font Info:    Encoding `OT1' has changed to `T1' for symbol font
(Font)              `operators' in the math version `bold' on input line 50.
LaTeX Font Info:    Overwriting symbol font `operators' in version `bold'
(Font)                  OT1/cmr/bx/n --> T1/futs/m/n on input line 50.
LaTeX Font Info:    Overwriting symbol font `operators' in version `bold'
(Font)                  T1/futs/m/n --> T1/futs/b/n on input line 51.
LaTeX Font Info:    Redeclaring symbol font `letters' on input line 59.
LaTeX Font Info:    Encoding `OML' has changed to `FML' for symbol font
(Font)              `letters' in the math version `normal' on input line 59.
LaTeX Font Info:    Overwriting symbol font `letters' in version `normal'
(Font)                  OML/cmm/m/it --> FML/futmi/m/it on input line 59.
LaTeX Font Info:    Encoding `OML' has changed to `FML' for symbol font
(Font)              `letters' in the math version `bold' on input line 59.
LaTeX Font Info:    Overwriting symbol font `letters' in version `bold'
(Font)                  OML/cmm/b/it --> FML/futmi/m/it on input line 59.
\symotherletters=\mathgroup6
LaTeX Font Info:    Overwriting symbol font `letters' in version `bold'
(Font)                  FML/futmi/m/it --> FML/futmi/b/it on input line 61.
LaTeX Font Info:    Overwriting symbol font `otherletters' in version `bold'
(Font)                  FML/futm/m/it --> FML/futm/b/it on input line 62.
LaTeX Font Info:    Redeclaring math symbol \Gamma on input line 63.
LaTeX Font Info:    Redeclaring math symbol \Delta on input line 64.
LaTeX Font Info:    Redeclaring math symbol \Theta on input line 65.
LaTeX Font Info:    Redeclaring math symbol \Lambda on input line 66.
LaTeX Font Info:    Redeclaring math symbol \Xi on input line 67.
LaTeX Font Info:    Redeclaring math symbol \Pi on input line 68.
LaTeX Font Info:    Redeclaring math symbol \Sigma on input line 69.
LaTeX Font Info:    Redeclaring math symbol \Upsilon on input line 70.
LaTeX Font Info:    Redeclaring math symbol \Phi on input line 71.
LaTeX Font Info:    Redeclaring math symbol \Psi on input line 72.
LaTeX Font Info:    Redeclaring math symbol \Omega on input line 73.
LaTeX Font Info:    Redeclaring symbol font `symbols' on input line 113.
LaTeX Font Info:    Encoding `OMS' has changed to `FMS' for symbol font
(Font)              `symbols' in the math version `normal' on input line 113.
LaTeX Font Info:    Overwriting symbol font `symbols' in version `normal'
(Font)                  OMS/cmsy/m/n --> FMS/futm/m/n on input line 113.
LaTeX Font Info:    Encoding `OMS' has changed to `FMS' for symbol font
(Font)              `symbols' in the math version `bold' on input line 113.
LaTeX Font Info:    Overwriting symbol font `symbols' in version `bold'
(Font)                  OMS/cmsy/b/n --> FMS/futm/m/n on input line 113.
LaTeX Font Info:    Redeclaring symbol font `largesymbols' on input line 114.
LaTeX Font Info:    Encoding `OMX' has changed to `FMX' for symbol font
(Font)              `largesymbols' in the math version `normal' on input line 1
14.
LaTeX Font Info:    Overwriting symbol font `largesymbols' in version `normal'
(Font)                  OMX/cmex/m/n --> FMX/futm/m/n on input line 114.
LaTeX Font Info:    Encoding `OMX' has changed to `FMX' for symbol font
(Font)              `largesymbols' in the math version `bold' on input line 114
.
LaTeX Font Info:    Overwriting symbol font `largesymbols' in version `bold'
(Font)                  OMX/cmex/m/n --> FMX/futm/m/n on input line 114.
LaTeX Font Info:    Redeclaring math alphabet \mathbf on input line 115.
LaTeX Font Info:    Overwriting math alphabet `\mathbf' in version `normal'
(Font)                  OT1/cmr/bx/n --> T1/futs/bx/n on input line 115.
LaTeX Font Info:    Overwriting math alphabet `\mathbf' in version `bold'
(Font)                  OT1/cmr/bx/n --> T1/futs/bx/n on input line 115.
LaTeX Font Info:    Redeclaring math alphabet \mathrm on input line 116.
LaTeX Font Info:    Redeclaring math alphabet \mathit on input line 117.
LaTeX Font Info:    Overwriting math alphabet `\mathit' in version `normal'
(Font)                  OT1/cmr/m/it --> T1/futs/m/it on input line 117.
LaTeX Font Info:    Overwriting math alphabet `\mathit' in version `bold'
(Font)                  OT1/cmr/bx/it --> T1/futs/m/it on input line 117.
LaTeX Font Info:    Redeclaring math alphabet \mathcal on input line 118.
LaTeX Font Info:    Redeclaring math symbol \varkappa on input line 119.
LaTeX Font Info:    Redeclaring math symbol \leqslant on input line 125.
LaTeX Font Info:    Redeclaring math symbol \geqslant on input line 126.
LaTeX Font Info:    Redeclaring math symbol \vDash on input line 129.
LaTeX Font Info:    Redeclaring math symbol \blacktriangleleft on input line 13
0.
LaTeX Font Info:    Redeclaring math symbol \blacktriangleright on input line 1
31.
LaTeX Font Info:    Redeclaring math symbol \nleqslant on input line 132.
LaTeX Font Info:    Redeclaring math symbol \ngeqslant on input line 133.
LaTeX Font Info:    Redeclaring math symbol \parallel on input line 134.
LaTeX Font Info:    Redeclaring math symbol \nparallel on input line 135.
LaTeX Font Info:    Redeclaring math symbol \nvDash on input line 137.
LaTeX Font Info:    Redeclaring math symbol \intercal on input line 138.
LaTeX Font Info:    Redeclaring math symbol \hslash on input line 139.
LaTeX Font Info:    Redeclaring math symbol \nexists on input line 140.
LaTeX Font Info:    Redeclaring math symbol \complement on input line 141.
LaTeX Font Info:    Redeclaring math symbol \varsubsetneq on input line 142.
LaTeX Font Info:    Redeclaring math symbol \hbar on input line 148.
LaTeX Font Info:    Redeclaring math symbol \smallsetminus on input line 149.
LaTeX Font Info:    Redeclaring math symbol \subsetneqq on input line 150.
LaTeX Font Info:    Redeclaring math symbol \rightrightarrows on input line 151
.
LaTeX Font Info:    Redeclaring math symbol \leftleftarrows on input line 152.
LaTeX Font Info:    Redeclaring math symbol \square on input line 153.
LaTeX Font Info:    Redeclaring math symbol \curvearrowleft on input line 154.
LaTeX Font Info:    Redeclaring math symbol \curvearrowright on input line 155.

LaTeX Font Info:    Redeclaring math symbol \blacksquare on input line 156.
LaTeX Font Info:    Redeclaring math symbol \varkappa on input line 186.
LaTeX Font Info:    Redeclaring math symbol \varvarrho on input line 187.
LaTeX Font Info:    Redeclaring math delimiter \Vert on input line 210.
LaTeX Font Info:    Redeclaring math delimiter \vert on input line 215.
LaTeX Font Info:    Redeclaring math delimiter \lvert on input line 217.
LaTeX Font Info:    Redeclaring math delimiter \rvert on input line 219.
LaTeX Font Info:    Redeclaring math delimiter \lVert on input line 221.
LaTeX Font Info:    Redeclaring math delimiter \rVert on input line 223.
LaTeX Font Info:    Redeclaring math delimiter \Downarrow on input line 225.
LaTeX Font Info:    Redeclaring math delimiter \backslash on input line 227.
LaTeX Font Info:    Redeclaring math delimiter \rangle on input line 229.
LaTeX Font Info:    Redeclaring math delimiter \langle on input line 231.
LaTeX Font Info:    Redeclaring math delimiter \rbrace on input line 233.
LaTeX Font Info:    Redeclaring math delimiter \lbrace on input line 235.
LaTeX Font Info:    Redeclaring math delimiter \rceil on input line 237.
LaTeX Font Info:    Redeclaring math delimiter \lceil on input line 239.
LaTeX Font Info:    Redeclaring math delimiter \rfloor on input line 241.
LaTeX Font Info:    Redeclaring math delimiter \lfloor on input line 243.
LaTeX Font Info:    Redeclaring math accent \acute on input line 247.
LaTeX Font Info:    Redeclaring math accent \grave on input line 248.
LaTeX Font Info:    Redeclaring math accent \ddot on input line 249.
LaTeX Font Info:    Redeclaring math accent \tilde on input line 250.
LaTeX Font Info:    Redeclaring math accent \bar on input line 251.
LaTeX Font Info:    Redeclaring math accent \breve on input line 252.
LaTeX Font Info:    Redeclaring math accent \check on input line 253.
LaTeX Font Info:    Redeclaring math accent \hat on input line 254.
LaTeX Font Info:    Redeclaring math accent \dot on input line 255.
LaTeX Font Info:    Redeclaring math accent \mathring on input line 256.
\symUfutm=\mathgroup7
)
(/usr/local/texlive/2019/texmf-dist/tex/latex/psnfss/helvet.sty
Package: helvet 2005/04/12 PSNFSS-v9.2a (WaS) 
)
(./itnodl_report_WouterDurnez.aux)
\openout1 = `itnodl_report_WouterDurnez.aux'.

LaTeX Font Info:    Checking defaults for OML/cmm/m/it on input line 42.
LaTeX Font Info:    ... okay on input line 42.
LaTeX Font Info:    Checking defaults for T1/cmr/m/n on input line 42.
LaTeX Font Info:    ... okay on input line 42.
LaTeX Font Info:    Checking defaults for OT1/cmr/m/n on input line 42.
LaTeX Font Info:    ... okay on input line 42.
LaTeX Font Info:    Checking defaults for OMS/cmsy/m/n on input line 42.
LaTeX Font Info:    ... okay on input line 42.
LaTeX Font Info:    Checking defaults for OMX/cmex/m/n on input line 42.
LaTeX Font Info:    ... okay on input line 42.
LaTeX Font Info:    Checking defaults for U/cmr/m/n on input line 42.
LaTeX Font Info:    ... okay on input line 42.
LaTeX Font Info:    Checking defaults for PD1/pdf/m/n on input line 42.
LaTeX Font Info:    ... okay on input line 42.
LaTeX Font Info:    Checking defaults for FML/futm/m/it on input line 42.
LaTeX Font Info:    Try loading font information for FML+futm on input line 42.


(/usr/local/texlive/2019/texmf-dist/tex/latex/fourier/fmlfutm.fd
File: fmlfutm.fd 2004/10/30 Fontinst v1.926 font definitions for FML/futm.
)
LaTeX Font Info:    ... okay on input line 42.
LaTeX Font Info:    Checking defaults for FMS/futm/m/n on input line 42.
LaTeX Font Info:    Try loading font information for FMS+futm on input line 42.


(/usr/local/texlive/2019/texmf-dist/tex/latex/fourier/fmsfutm.fd
File: fmsfutm.fd 2004/10/30 Fontinst v1.926 font definitions for FMS/futm.
)
LaTeX Font Info:    ... okay on input line 42.
LaTeX Font Info:    Checking defaults for FMX/futm/m/n on input line 42.
LaTeX Font Info:    Try loading font information for FMX+futm on input line 42.


(/usr/local/texlive/2019/texmf-dist/tex/latex/fourier/fmxfutm.fd
File: fmxfutm.fd futm-extension
)
LaTeX Font Info:    ... okay on input line 42.
LaTeX Font Info:    Checking defaults for TS1/cmr/m/n on input line 42.
LaTeX Font Info:    Try loading font information for TS1+cmr on input line 42.

(/usr/local/texlive/2019/texmf-dist/tex/latex/base/ts1cmr.fd
File: ts1cmr.fd 2014/09/29 v2.5h Standard LaTeX font definitions
)
LaTeX Font Info:    ... okay on input line 42.
LaTeX Font Info:    Try loading font information for T1+futs on input line 42.

(/usr/local/texlive/2019/texmf-dist/tex/latex/fourier/t1futs.fd
File: t1futs.fd 2004/03/02 Fontinst v1.926 font definitions for T1/futs.
)
\AtBeginShipoutBox=\box57
Package hyperref Info: Link coloring OFF on input line 42.

(/usr/local/texlive/2019/texmf-dist/tex/latex/hyperref/nameref.sty
Package: nameref 2016/05/21 v2.44 Cross-referencing by name of section

(/usr/local/texlive/2019/texmf-dist/tex/generic/oberdiek/gettitlestring.sty
Package: gettitlestring 2016/05/16 v1.5 Cleanup title references (HO)
)
\c@section@level=\count299
)
LaTeX Info: Redefining \ref on input line 42.
LaTeX Info: Redefining \pageref on input line 42.
LaTeX Info: Redefining \nameref on input line 42.

(./itnodl_report_WouterDurnez.out) (./itnodl_report_WouterDurnez.out)
\@outlinefile=\write3
\openout3 = `itnodl_report_WouterDurnez.out'.


(/usr/local/texlive/2019/texmf-dist/tex/context/base/mkii/supp-pdf.mkii
[Loading MPS to PDF converter (version 2006.09.02).]
\scratchcounter=\count300
\scratchdimen=\dimen198
\scratchbox=\box58
\nofMPsegments=\count301
\nofMParguments=\count302
\everyMPshowfont=\toks21
\MPscratchCnt=\count303
\MPscratchDim=\dimen199
\MPnumerator=\count304
\makeMPintoPDFobject=\count305
\everyMPtoPDFconversion=\toks22
) (/usr/local/texlive/2019/texmf-dist/tex/latex/oberdiek/epstopdf-base.sty
Package: epstopdf-base 2016/05/15 v2.6 Base part for package epstopdf

(/usr/local/texlive/2019/texmf-dist/tex/latex/oberdiek/grfext.sty
Package: grfext 2016/05/16 v1.2 Manage graphics extensions (HO)
)
Package epstopdf-base Info: Redefining graphics rule for `.eps' on input line 4
38.
Package grfext Info: Graphics extension search list:
(grfext)             [.pdf,.png,.jpg,.mps,.jpeg,.jbig2,.jb2,.PDF,.PNG,.JPG,.JPE
G,.JBIG2,.JB2,.eps]
(grfext)             \AppendGraphicsExtensions on input line 456.

(/usr/local/texlive/2019/texmf-dist/tex/latex/latexconfig/epstopdf-sys.cfg
File: epstopdf-sys.cfg 2010/07/13 v1.3 Configuration of (r)epstopdf for TeX Liv
e
))
(/usr/local/texlive/2019/texmf-dist/tex/latex/translator/translator-basic-dicti
onary-English.dict
Dictionary: translator-basic-dictionary, Language: English 
)
(/usr/local/texlive/2019/texmf-dist/tex/latex/siunitx/siunitx-abbreviations.cfg
File: siunitx-abbreviations.cfg 2017/11/26 v2.7k siunitx: Abbreviated units
)
LaTeX Font Info:    Try loading font information for FML+futmi on input line 42
.
 (/usr/local/texlive/2019/texmf-dist/tex/latex/fourier/fmlfutmi.fd
File: fmlfutmi.fd 2004/10/30 Fontinst v1.926 font definitions for FML/futmi.
)
LaTeX Font Info:    Font shape `FMX/futm/m/n' will be
(Font)              scaled to size 10.07397pt on input line 42.
LaTeX Font Info:    Font shape `FMX/futm/m/n' will be
(Font)              scaled to size 7.63599pt on input line 42.
LaTeX Font Info:    Font shape `FMX/futm/m/n' will be
(Font)              scaled to size 5.51999pt on input line 42.
LaTeX Font Info:    Try loading font information for U+msa on input line 42.

(/usr/local/texlive/2019/texmf-dist/tex/latex/amsfonts/umsa.fd
File: umsa.fd 2013/01/14 v3.01 AMS symbols A
)
LaTeX Font Info:    Try loading font information for U+msb on input line 42.

(/usr/local/texlive/2019/texmf-dist/tex/latex/amsfonts/umsb.fd
File: umsb.fd 2013/01/14 v3.01 AMS symbols B
)
LaTeX Font Info:    Font shape `U/futm/m/n' will be
(Font)              scaled to size 10.07397pt on input line 42.
LaTeX Font Info:    Font shape `U/futm/m/n' will be
(Font)              scaled to size 7.63599pt on input line 42.
LaTeX Font Info:    Font shape `U/futm/m/n' will be
(Font)              scaled to size 5.51999pt on input line 42.
LaTeX Font Info:    Font shape `T1/futs/bx/n' in size <17.28> not available
(Font)              Font shape `T1/futs/b/n' tried instead on input line 60.
LaTeX Font Info:    Font shape `FMX/futm/m/n' will be
(Font)              scaled to size 11.03998pt on input line 60.
LaTeX Font Info:    Font shape `FMX/futm/m/n' will be
(Font)              scaled to size 8.27998pt on input line 60.
LaTeX Font Info:    Font shape `FMX/futm/m/n' will be
(Font)              scaled to size 6.43999pt on input line 60.
LaTeX Font Info:    Font shape `U/futm/m/n' will be
(Font)              scaled to size 11.03998pt on input line 60.
LaTeX Font Info:    Font shape `U/futm/m/n' will be
(Font)              scaled to size 8.27998pt on input line 60.
LaTeX Font Info:    Font shape `U/futm/m/n' will be
(Font)              scaled to size 6.43999pt on input line 60.
LaTeX Font Info:    Font shape `T1/futs/bx/n' in size <14.4> not available
(Font)              Font shape `T1/futs/b/n' tried instead on input line 60.

(./itnodl_report_WouterDurnez.toc
LaTeX Font Info:    Font shape `T1/futs/bx/n' in size <10.95> not available
(Font)              Font shape `T1/futs/b/n' tried instead on input line 3.
)
\tf@toc=\write4
\openout4 = `itnodl_report_WouterDurnez.toc'.

 [1

{/usr/local/texlive/2019/texmf-var/fonts/map/pdftex/updmap/pdftex.map}] (./itno
dl_introduction.tex
LaTeX Font Info:    Try loading font information for T1+lmtt on input line 9.

(/usr/local/texlive/2019/texmf-dist/tex/latex/lm/t1lmtt.fd
File: t1lmtt.fd 2009/10/30 v1.6 Font defs for Latin Modern
)
Overfull \hbox (3.55563pt too wide) in paragraph at lines 9--10
[]\T1/futs/m/n/10.95 The project code can be found here: [][]$\T1/lmtt/m/n/10.9
5 https : / / github . com / WouterDurnez /
 []


Overfull \hbox (1.1637pt too wide) in paragraph at lines 41--41
[]|\T1/lmtt/m/n/10.95 architecture| 
 []


Overfull \hbox (1.1637pt too wide) in paragraph at lines 41--41
[]|\T1/lmtt/m/n/10.95 architecture| 
 []


Overfull \hbox (1.1637pt too wide) in paragraph at lines 41--41
[]|\T1/lmtt/m/n/10.95 architecture| 
 []


Overfull \hbox (3.07993pt too wide) in paragraph at lines 41--41
[]|\T1/lmtt/m/n/10.95 itnodl_class.py| 
 []

[1]
LaTeX Font Info:    Font shape `T1/futs/bx/it' in size <10.95> not available
(Font)              Font shape `T1/futs/b/it' tried instead on input line 69.
 [2]) (./itnodl_autoencoders.tex
LaTeX Font Info:    Font shape `T1/futs/bx/n' in size <12> not available
(Font)              Font shape `T1/futs/b/n' tried instead on input line 14.
LaTeX Font Info:    Font shape `T1/futs/bx/n' in size <8.3> not available
(Font)              Font shape `T1/futs/b/n' tried instead on input line 18.
LaTeX Font Info:    Font shape `T1/futs/bx/n' in size <6> not available
(Font)              Font shape `T1/futs/b/n' tried instead on input line 18.
 [3]
Overfull \hbox (1.89131pt too wide) in paragraph at lines 38--39
[]\T1/futs/m/n/10.95 This sta-tis-ti-cal method is closely re-lated to a spe-ci
fic type of neu-ral network---
 []

<images/autoencoder.jpg, id=97, 871.255pt x 603.25375pt>
File: images/autoencoder.jpg Graphic file (type jpg)
<use images/autoencoder.jpg>
Package pdftex.def Info: images/autoencoder.jpg  used on input line 42.
(pdftex.def)             Requested size: 360.0pt x 249.25946pt.

Underfull \hbox (badness 2781) in paragraph at lines 43--43
[]\T1/futs/m/n/10.95 Figure 1: []Linear au-toen-coder ar-chi-tec-ture with in-p
ut di-men-sion 6, en-
 []

[4 <./images/autoencoder.jpg>]
<images/auto_lin_architecture.png, id=111, 355.3275pt x 277.035pt>
File: images/auto_lin_architecture.png Graphic file (type png)
<use images/auto_lin_architecture.png>
Package pdftex.def Info: images/auto_lin_architecture.png  used on input line 8
1.
(pdftex.def)             Requested size: 218.96156pt x 170.71579pt.
<images/auto_conv_architecture.png, id=113, 600.2425pt x 1577.895pt>
File: images/auto_conv_architecture.png Graphic file (type png)
<use images/auto_conv_architecture.png>
Package pdftex.def Info: images/auto_conv_architecture.png  used on input line 
89.
(pdftex.def)             Requested size: 216.4718pt x 569.05511pt.


LaTeX Warning: Float too large for page by 24.93503pt on input line 93.

LaTeX Font Info:    Try loading font information for TS1+futs on input line 99.

(/usr/local/texlive/2019/texmf-dist/tex/latex/fourier/ts1futs.fd
File: ts1futs.fd 2004/03/26 Fontinst v1.926 font definitions for TS1/futs.
) [5]
<images/auto_reconstruction.png, id=124, 867.24pt x 433.62pt>
File: images/auto_reconstruction.png Graphic file (type png)
<use images/auto_reconstruction.png>
Package pdftex.def Info: images/auto_reconstruction.png  used on input line 111
.
(pdftex.def)             Requested size: 360.0pt x 180.00188pt.
<images/auto_histories.png, id=125, 722.7pt x 289.08pt>
File: images/auto_histories.png Graphic file (type png)
<use images/auto_histories.png>
Package pdftex.def Info: images/auto_histories.png  used on input line 119.
(pdftex.def)             Requested size: 360.0pt x 144.0015pt.
 [6 <./images/auto_lin_architecture.png>] [7 <./images/auto_conv_architecture.p
ng>]
[8 <./images/auto_reconstruction.png> <./images/auto_histories.png>])
(./itnodl_classification.tex
Overfull \hbox (3.19243pt too wide) in paragraph at lines 16--17
\T1/futs/m/n/10.95 based on the deep con-vo-lu-tional au-toen-coder model learn
t in sec-tion [][]2.2[][]. Specif-
 []

[9]
LaTeX Font Info:    Font shape `T1/futs/bx/sl' in size <10.95> not available
(Font)              Font shape `T1/futs/b/sl' tried instead on input line 20.
<images/class_architecture.png, id=160, 600.2425pt x 1252.68pt>
File: images/class_architecture.png Graphic file (type png)
<use images/class_architecture.png>
Package pdftex.def Info: images/class_architecture.png  used on input line 33.
(pdftex.def)             Requested size: 272.68028pt x 569.05511pt.


LaTeX Warning: Float too large for page by 24.93503pt on input line 37.

LaTeX Font Info:    Font shape `FMX/futm/m/n' will be
(Font)              scaled to size 6.99199pt on input line 45.
LaTeX Font Info:    Font shape `T1/futs/bx/n' in size <9> not available
(Font)              Font shape `T1/futs/b/n' tried instead on input line 45.
LaTeX Font Info:    Font shape `T1/futs/bx/n' in size <7.6> not available
(Font)              Font shape `T1/futs/b/n' tried instead on input line 45.
LaTeX Font Info:    Font shape `U/futm/m/n' will be
(Font)              scaled to size 6.99199pt on input line 45.

Overfull \hbox (3.35301pt too wide) in paragraph at lines 45--46
\T1/futs/m/n/10.95 sults var-ied, but the com-par-i-son be-tween the three pre-
sented net-works re-mained
 []

<images/class_histories.png, id=165, 794.97pt x 722.7pt>
File: images/class_histories.png Graphic file (type png)
<use images/class_histories.png>
Package pdftex.def Info: images/class_histories.png  used on input line 49.
(pdftex.def)             Requested size: 360.0pt x 327.28516pt.
[10] [11 <./images/class_architecture.png>] [12 <./images/class_histories.png>]
) (./itnodl_segmentation.tex
Overfull \hbox (1.62294pt too wide) in paragraph at lines 12--13
\T1/futs/m/n/10.95 This sec-tion dis-cusses a deep con-vo-lu-tional bi-nary seg
-men-ta-tion net-work, based
 []

<images/segm_architecture.png, id=194, 600.2425pt x 1577.895pt>
File: images/segm_architecture.png Graphic file (type png)
<use images/segm_architecture.png>
Package pdftex.def Info: images/segm_architecture.png  used on input line 16.
(pdftex.def)             Requested size: 216.4718pt x 569.05511pt.

LaTeX Warning: Float too large for page by 38.53503pt on input line 20.

[13] [14 <./images/segm_architecture.png>]
<images/segm_history.png, id=211, 578.16pt x 361.35pt>
File: images/segm_history.png Graphic file (type png)
<use images/segm_history.png>
Package pdftex.def Info: images/segm_history.png  used on input line 28.
(pdftex.def)             Requested size: 360.0pt x 224.99959pt.
<images/segm_prediction.png, id=215, 867.24pt x 867.24pt>
File: images/segm_prediction.png Graphic file (type png)
<use images/segm_prediction.png>
Package pdftex.def Info: images/segm_prediction.png  used on input line 38.
(pdftex.def)             Requested size: 360.0pt x 360.00377pt.
)
Package atveryend Info: Empty hook `BeforeClearDocument' on input line 99.
 [15 <./images/segm_history.png>]
[16 <./images/segm_prediction.png>] [17]
Package atveryend Info: Empty hook `AfterLastShipout' on input line 99.
 (./itnodl_report_WouterDurnez.aux)
Package atveryend Info: Executing hook `AtVeryEndDocument' on input line 99.
Package atveryend Info: Executing hook `AtEndAfterFileList' on input line 99.
Package rerunfilecheck Info: File `itnodl_report_WouterDurnez.out' has not chan
ged.
(rerunfilecheck)             Checksum: 68C236E57090FDEBD01270441EEA0BBE;652.
Package atveryend Info: Empty hook `AtVeryVeryEnd' on input line 99.
 ) 
Here is how much of TeX's memory you used:
 20778 strings out of 492616
 382929 string characters out of 6129482
 437472 words of memory out of 5000000
 24373 multiletter control sequences out of 15000+600000
 655497 words of font info for 145 fonts, out of 8000000 for 9000
 1141 hyphenation exceptions out of 8191
 40i,13n,63p,1035b,799s stack positions out of 5000i,500n,10000p,200000b,80000s
{/usr/local/texlive/2019/texmf-dist/fonts/enc/dvips/base/8r.enc}{/usr/local/t
exlive/2019/texmf-dist/fonts/enc/dvips/lm/lm-ec.enc}</usr/local/texlive/2019/te
xmf-dist/fonts/type1/public/fourier/fourier-ms.pfb></usr/local/texlive/2019/tex
mf-dist/fonts/type1/public/lm/lmtt10.pfb></usr/local/texlive/2019/texmf-dist/fo
nts/type1/adobe/utopia/putb8a.pfb></usr/local/texlive/2019/texmf-dist/fonts/typ
e1/adobe/utopia/putb8a.pfb></usr/local/texlive/2019/texmf-dist/fonts/type1/adob
e/utopia/putbi8a.pfb></usr/local/texlive/2019/texmf-dist/fonts/type1/adobe/utop
ia/putr8a.pfb></usr/local/texlive/2019/texmf-dist/fonts/type1/adobe/utopia/putr
i8a.pfb>
Output written on itnodl_report_WouterDurnez.pdf (18 pages, 1609897 bytes).
PDF statistics:
 279 PDF objects out of 1000 (max. 8388607)
 229 compressed objects within 3 object streams
 68 named destinations out of 1000 (max. 500000)
 139 words of extra memory for PDF output out of 10000 (max. 10000000)

